<?xml version="1.0" encoding="UTF-8"?>
<testsuite xmlns:xsi="http://www.w3.org/2001/XMLSchema-instance" xsi:noNamespaceSchemaLocation="https://maven.apache.org/surefire/maven-surefire-plugin/xsd/surefire-test-report-3.0.xsd" version="3.0" name="com.dannycodes.bank_transfer.BankTransferApplicationTests" time="48.763" tests="1" errors="0" skipped="0" failures="0">
  <properties>
[...]
</properties>
  <testcase name="contextLoads" classname="com.dannycodes.bank_transfer.BankTransferApplicationTests" time="1.39">
    <system-out><![CDATA[10:27:18.570 [main] INFO org.springframework.test.context.support.AnnotationConfigContextLoaderUtils -- Could not detect default configuration classes for test class [com.dannycodes.bank_transfer.BankTransferApplicationTests]: BankTransferApplicationTests does not declare any static, non-private, non-final, nested classes annotated with @Configuration.
10:27:19.057 [main] INFO org.springframework.boot.test.context.SpringBootTestContextBootstrapper -- Found @SpringBootConfiguration com.dannycodes.bank_transfer.BankTransferApplication for test class com.dannycodes.bank_transfer.BankTransferApplicationTests

  .   ____          _            __ _ _
 /\\ / ___'_ __ _ _(_)_ __  __ _ \ \ \ \
( ( )\___ | '_ | '_| | '_ \/ _` | \ \ \ \
 \\/  ___)| |_)| | | | | || (_| |  ) ) ) )
  '  |____| .__|_| |_|_| |_\__, | / / / /
 =========|_|==============|___/=/_/_/_/
 :: Spring Boot ::                (v3.1.0)

2023-06-21T10:27:24.753+01:00  INFO 10880 --- [           main] c.d.b.BankTransferApplicationTests       : Starting BankTransferApplicationTests using Java 17.0.6 with PID 10880 (started by MAICON in C:\Users\MAICON\Downloads\microservices\bank-account)
2023-06-21T10:27:24.760+01:00  INFO 10880 --- [           main] c.d.b.BankTransferApplicationTests       : No active profile set, falling back to 1 default profile: "default"
2023-06-21T10:27:29.200+01:00  INFO 10880 --- [           main] .s.d.r.c.RepositoryConfigurationDelegate : Bootstrapping Spring Data JPA repositories in DEFAULT mode.
2023-06-21T10:27:30.085+01:00  INFO 10880 --- [           main] .s.d.r.c.RepositoryConfigurationDelegate : Finished Spring Data repository scanning in 824 ms. Found 1 JPA repository interfaces.
2023-06-21T10:27:31.758+01:00  INFO 10880 --- [           main] o.s.cloud.context.scope.GenericScope     : BeanFactory id=16ebbd2d-d0d0-35e9-bd9e-754f6af2bed3
2023-06-21T10:27:38.345+01:00  INFO 10880 --- [           main] com.zaxxer.hikari.HikariDataSource       : HikariPool-1 - Starting...
2023-06-21T10:27:40.287+01:00  INFO 10880 --- [           main] com.zaxxer.hikari.pool.HikariPool        : HikariPool-1 - Added connection conn0: url=jdbc:h2:mem:26a30f37-b7c6-4e2a-a407-a82de9855bf6 user=SA
2023-06-21T10:27:40.291+01:00  INFO 10880 --- [           main] com.zaxxer.hikari.HikariDataSource       : HikariPool-1 - Start completed.
2023-06-21T10:27:41.125+01:00  INFO 10880 --- [           main] o.hibernate.jpa.internal.util.LogHelper  : HHH000204: Processing PersistenceUnitInfo [name: default]
2023-06-21T10:27:43.370+01:00  INFO 10880 --- [           main] org.hibernate.Version                    : HHH000412: Hibernate ORM core version 6.2.2.Final
2023-06-21T10:27:43.376+01:00  INFO 10880 --- [           main] org.hibernate.cfg.Environment            : HHH000406: Using bytecode reflection optimizer
2023-06-21T10:27:44.355+01:00  INFO 10880 --- [           main] o.h.b.i.BytecodeProviderInitiator        : HHH000021: Bytecode provider name : bytebuddy
2023-06-21T10:27:45.064+01:00  INFO 10880 --- [           main] o.s.o.j.p.SpringPersistenceUnitInfo      : No LoadTimeWeaver setup: ignoring JPA class transformer
2023-06-21T10:27:45.750+01:00  INFO 10880 --- [           main] org.hibernate.orm.dialect                : HHH035001: Using dialect: org.hibernate.dialect.H2Dialect, version: 2.1.214
2023-06-21T10:27:47.806+01:00  INFO 10880 --- [           main] o.h.b.i.BytecodeProviderInitiator        : HHH000021: Bytecode provider name : bytebuddy
2023-06-21T10:27:50.654+01:00  INFO 10880 --- [           main] o.h.e.t.j.p.i.JtaPlatformInitiator       : HHH000490: Using JtaPlatform implementation: [org.hibernate.engine.transaction.jta.platform.internal.NoJtaPlatform]
2023-06-21T10:27:50.772+01:00  INFO 10880 --- [           main] o.h.t.s.i.e.GenerationTargetToDatabase   : HHH000476: Executing script '[injected ScriptSourceInputNonExistentImpl script]'
2023-06-21T10:27:50.779+01:00  INFO 10880 --- [           main] j.LocalContainerEntityManagerFactoryBean : Initialized JPA EntityManagerFactory for persistence unit 'default'
2023-06-21T10:27:52.422+01:00  WARN 10880 --- [           main] JpaBaseConfiguration$JpaWebConfiguration : spring.jpa.open-in-view is enabled by default. Therefore, database queries may be performed during view rendering. Explicitly configure spring.jpa.open-in-view to disable this warning
2023-06-21T10:27:55.029+01:00  INFO 10880 --- [           main] DiscoveryClientOptionalArgsConfiguration : Eureka HTTP Client uses RestTemplate.
2023-06-21T10:27:56.142+01:00  WARN 10880 --- [           main] iguration$LoadBalancerCaffeineWarnLogger : Spring Cloud LoadBalancer is currently working with the default cache. While this cache implementation is useful for development and tests, it's recommended to use Caffeine cache in production.You can switch to using Caffeine cache, by adding it and org.springframework.cache.caffeine.CaffeineCacheManager to the classpath.
2023-06-21T10:27:56.241+01:00  INFO 10880 --- [           main] o.s.c.n.eureka.InstanceInfoFactory       : Setting initial instance status as: STARTING
2023-06-21T10:27:56.811+01:00  INFO 10880 --- [           main] com.netflix.discovery.DiscoveryClient    : Initializing Eureka in region us-east-1
2023-06-21T10:27:56.838+01:00  INFO 10880 --- [           main] c.n.d.s.r.aws.ConfigClusterResolver      : Resolving eureka endpoints via configuration
2023-06-21T10:27:57.080+01:00  INFO 10880 --- [           main] com.netflix.discovery.DiscoveryClient    : Disable delta property : false
2023-06-21T10:27:57.081+01:00  INFO 10880 --- [           main] com.netflix.discovery.DiscoveryClient    : Single vip registry refresh property : null
2023-06-21T10:27:57.081+01:00  INFO 10880 --- [           main] com.netflix.discovery.DiscoveryClient    : Force full registry fetch : false
2023-06-21T10:27:57.082+01:00  INFO 10880 --- [           main] com.netflix.discovery.DiscoveryClient    : Application is null : false
2023-06-21T10:27:57.082+01:00  INFO 10880 --- [           main] com.netflix.discovery.DiscoveryClient    : Registered Applications size is zero : true
2023-06-21T10:27:57.082+01:00  INFO 10880 --- [           main] com.netflix.discovery.DiscoveryClient    : Application version is -1: true
2023-06-21T10:27:57.083+01:00  INFO 10880 --- [           main] com.netflix.discovery.DiscoveryClient    : Getting all instance registry info from the eureka server
2023-06-21T10:27:59.689+01:00  INFO 10880 --- [           main] com.netflix.discovery.DiscoveryClient    : The response status is 200
2023-06-21T10:27:59.717+01:00  INFO 10880 --- [           main] com.netflix.discovery.DiscoveryClient    : Starting heartbeat executor: renew interval is: 30
2023-06-21T10:27:59.722+01:00  INFO 10880 --- [           main] c.n.discovery.InstanceInfoReplicator     : InstanceInfoReplicator onDemand update allowed rate per min is 4
2023-06-21T10:27:59.774+01:00  INFO 10880 --- [           main] com.netflix.discovery.DiscoveryClient    : Discovery Client initialized at timestamp 1687339679733 with initial instances count: 1
2023-06-21T10:27:59.785+01:00  INFO 10880 --- [           main] o.s.c.n.e.s.EurekaServiceRegistry        : Registering application UNKNOWN with eureka with status UP
2023-06-21T10:27:59.787+01:00  INFO 10880 --- [           main] com.netflix.discovery.DiscoveryClient    : Saw local status change event StatusChangeEvent [timestamp=1687339679787, current=UP, previous=STARTING]
2023-06-21T10:27:59.793+01:00  INFO 10880 --- [nfoReplicator-0] com.netflix.discovery.DiscoveryClient    : DiscoveryClient_UNKNOWN/DESKTOP-GP1T2O7:9002: registering service...
2023-06-21T10:27:59.913+01:00  INFO 10880 --- [           main] c.d.b.BankTransferApplicationTests       : Started BankTransferApplicationTests in 39.628 seconds (process running for 49.852)
2023-06-21T10:28:00.159+01:00  INFO 10880 --- [nfoReplicator-0] com.netflix.discovery.DiscoveryClient    : DiscoveryClient_UNKNOWN/DESKTOP-GP1T2O7:9002 - registration status: 204
]]></system-out>
  </testcase>
</testsuite>